\BOOKMARK [1][-]{section.1}{Introduction}{}% 1
\BOOKMARK [1][-]{section.2}{Approach}{}% 2
\BOOKMARK [2][-]{subsection.2.1}{Method Declaration}{section.2}% 3
\BOOKMARK [2][-]{subsection.2.2}{Tokenization}{section.2}% 4
\BOOKMARK [2][-]{subsection.2.3}{Categorization}{section.2}% 5
\BOOKMARK [2][-]{subsection.2.4}{Pretreatment of Variable Names}{section.2}% 6
\BOOKMARK [2][-]{subsection.2.5}{Similarity Calculation for Each Category}{section.2}% 7
\BOOKMARK [2][-]{subsection.2.6}{Final Similarity Calculation and Result}{section.2}% 8
\BOOKMARK [2][-]{subsection.2.7}{Machine Learning}{section.2}% 9
\BOOKMARK [1][-]{section.3}{Implementation}{}% 10
\BOOKMARK [2][-]{subsection.3.1}{Bigram Similarity}{section.3}% 11
\BOOKMARK [2][-]{subsection.3.2}{Similarity Algorithm}{section.3}% 12
\BOOKMARK [2][-]{subsection.3.3}{Machine Learning}{section.3}% 13
\BOOKMARK [2][-]{subsection.3.4}{User Interface}{section.3}% 14
\BOOKMARK [2][-]{subsection.3.5}{Instruction of STCD}{section.3}% 15
\BOOKMARK [1][-]{section.4}{Evaluation}{}% 16
\BOOKMARK [2][-]{subsection.4.1}{Test Result Without Machine Learning}{section.4}% 17
\BOOKMARK [2][-]{subsection.4.2}{Test Result With Machine Learning}{section.4}% 18
\BOOKMARK [2][-]{subsection.4.3}{Precision and Recall}{section.4}% 19
\BOOKMARK [2][-]{subsection.4.4}{Time Cost Evaluation}{section.4}% 20
\BOOKMARK [1][-]{section.5}{Validity}{}% 21
\BOOKMARK [1][-]{section.6}{Conclusion}{}% 22
\BOOKMARK [1][-]{section.7}{Related Work}{}% 23
\BOOKMARK [1][-]{section*.1}{References}{}% 24
